<?xml version="1.0" encoding="UTF-8"?>
<!-- Generated by org.testng.reporters.JUnitReportReporter -->
<testsuite hostname="DESKTOP-7DCAI4N" failures="0" tests="1" name="VtigerCRM.createContactTest" time="57.780" errors="0" timestamp="2024-12-30T13:40:31 IST" skipped="0">
  <testcase classname="VtigerCRM.createContactTest" name="createContact" time="57.780"/>
  <system-out/>
</testsuite> <!-- VtigerCRM.createContactTest -->
