<?xml version="1.0" encoding="UTF-8"?>
<!-- Generated by org.testng.reporters.JUnitReportReporter -->
<testsuite hostname="DESKTOP-7DCAI4N" failures="0" tests="3" name="TestNG.DataProvider2" time="0.217" errors="0" timestamp="2024-12-18T21:10:46 IST" skipped="0">
  <testcase classname="TestNG.DataProvider2" name="bookTickets" time="0.052"/>
  <testcase classname="TestNG.DataProvider2" name="bookTickets" time="0.159"/>
  <testcase classname="TestNG.DataProvider2" name="bookTickets" time="0.006"/>
</testsuite> <!-- TestNG.DataProvider2 -->
