<?xml version="1.0" encoding="UTF-8"?>
<!-- Generated by org.testng.reporters.JUnitReportReporter -->
<testsuite hostname="DESKTOP-7DCAI4N" failures="0" tests="1" name="VtigerCRM.createOrganizationTest" time="56.376" errors="0" timestamp="2024-12-30T13:43:22 IST" skipped="0">
  <testcase classname="VtigerCRM.createOrganizationTest" name="createOrganization" time="56.376"/>
  <system-out/>
</testsuite> <!-- VtigerCRM.createOrganizationTest -->
