<?xml version="1.0" encoding="UTF-8"?>
<!-- Generated by org.testng.reporters.JUnitReportReporter -->
<testsuite hostname="DESKTOP-7DCAI4N" failures="0" tests="1" name="TestNG.SoftAssert1" time="0.083" errors="0" timestamp="2024-12-25T08:41:48 IST" skipped="0">
  <testcase classname="TestNG.SoftAssert1" name="method1" time="0.083"/>
  <system-out/>
</testsuite> <!-- TestNG.SoftAssert1 -->
