<?xml version="1.0" encoding="UTF-8"?>
<!-- Generated by org.testng.reporters.JUnitReportReporter -->
<testsuite hostname="DESKTOP-7DCAI4N" failures="0" tests="3" name="TestNG.SampleTest" time="0.179" errors="0" timestamp="2024-12-18T20:53:53 IST" skipped="0">
  <testcase classname="TestNG.SampleTest" name="deleteContact" time="0.136"/>
  <testcase classname="TestNG.SampleTest" name="modifyContact" time="0.037"/>
  <testcase classname="TestNG.SampleTest" name="createContact" time="0.006"/>
</testsuite> <!-- TestNG.SampleTest -->
