<?xml version="1.0" encoding="UTF-8"?>
<!-- Generated by org.testng.reporters.JUnitReportReporter -->
<testsuite hostname="DESKTOP-7DCAI4N" failures="0" tests="2" name="TestNG.DataProvider1" time="0.029" errors="0" timestamp="2024-12-18T21:02:29 IST" skipped="0">
  <testcase classname="TestNG.DataProvider1" name="bookTickets" time="0.017"/>
  <testcase classname="TestNG.DataProvider1" name="bookTickets" time="0.012"/>
</testsuite> <!-- TestNG.DataProvider1 -->
