<?xml version="1.0" encoding="UTF-8"?>
<!-- Generated by org.testng.reporters.JUnitReportReporter -->
<testsuite hostname="DESKTOP-7DCAI4N" failures="0" tests="1" name="VtigerCRM.createContact" time="49.496" errors="0" timestamp="2024-12-26T08:47:39 IST" skipped="0">
  <testcase classname="VtigerCRM.createContact" name="createContact" time="49.496"/>
  <system-out/>
</testsuite> <!-- VtigerCRM.createContact -->
