<?xml version="1.0" encoding="UTF-8"?>
<!-- Generated by org.testng.reporters.JUnitReportReporter -->
<testsuite hostname="DESKTOP-7DCAI4N" failures="0" tests="1" name="VtigerCRM.CreateProductandDeleteProduct" time="99.470" errors="0" timestamp="2024-12-30T23:26:33 IST" skipped="0">
  <testcase classname="VtigerCRM.CreateProductandDeleteProduct" name="CreateProductandDeleteProduct" time="99.470"/>
  <system-out/>
</testsuite> <!-- VtigerCRM.CreateProductandDeleteProduct -->
