<?xml version="1.0" encoding="UTF-8"?>
<!-- Generated by org.testng.reporters.JUnitReportReporter -->
<testsuite hostname="DESKTOP-7DCAI4N" failures="0" tests="1" name="VtigerCRM.createProductTest" time="49.855" errors="0" timestamp="2024-12-30T13:24:55 IST" skipped="0">
  <testcase classname="VtigerCRM.createProductTest" name="createProduct" time="49.855"/>
  <system-out/>
</testsuite> <!-- VtigerCRM.createProductTest -->
