<?xml version="1.0" encoding="UTF-8"?>
<!-- Generated by org.testng.reporters.JUnitReportReporter -->
<testsuite hostname="DESKTOP-7DCAI4N" failures="0" tests="1" name="VtigerCRM.createCampaignsTest" time="46.785" errors="0" timestamp="2024-12-30T13:07:06 IST" skipped="0">
  <testcase classname="VtigerCRM.createCampaignsTest" name="createCampaigns" time="46.785"/>
  <system-out/>
</testsuite> <!-- VtigerCRM.createCampaignsTest -->
