<?xml version="1.0" encoding="UTF-8"?>
<!-- Generated by org.testng.reporters.JUnitReportReporter -->
<testsuite hostname="DESKTOP-7DCAI4N" failures="0" tests="1" name="VtigerCRM.CreateCampaignsWithProductTest" time="67.956" errors="0" timestamp="2024-12-30T13:37:24 IST" skipped="0">
  <testcase classname="VtigerCRM.CreateCampaignsWithProductTest" name="CreateCampaignsWithProduct" time="67.956"/>
  <system-out/>
</testsuite> <!-- VtigerCRM.CreateCampaignsWithProductTest -->
