<?xml version="1.0" encoding="UTF-8"?>
<!-- Generated by org.testng.reporters.JUnitReportReporter -->
<testsuite hostname="DESKTOP-7DCAI4N" failures="0" tests="1" name="VtigerCRM.CreateCampaignsWithProduct" time="91.623" errors="0" timestamp="2024-12-21T20:23:44 IST" skipped="0">
  <testcase classname="VtigerCRM.CreateCampaignsWithProduct" name="CreateCampaignsWithProduct" time="91.623"/>
  <system-out/>
</testsuite> <!-- VtigerCRM.CreateCampaignsWithProduct -->
