<?xml version="1.0" encoding="UTF-8"?>
<!-- Generated by org.testng.reporters.JUnitReportReporter -->
<testsuite hostname="DESKTOP-7DCAI4N" failures="0" tests="1" name="VtigerCRM.createOrganization" time="58.873" errors="0" timestamp="2024-12-25T08:12:16 IST" skipped="0">
  <testcase classname="VtigerCRM.createOrganization" name="createOrganization" time="58.873"/>
  <system-out/>
</testsuite> <!-- VtigerCRM.createOrganization -->
