<?xml version="1.0" encoding="UTF-8"?>
<!-- Generated by org.testng.reporters.JUnitReportReporter -->
<testsuite hostname="DESKTOP-7DCAI4N" failures="0" tests="1" name="VtigerCRM.CreateContactwithOrganizationTest" time="178.822" errors="0" timestamp="2024-12-31T07:44:45 IST" skipped="0">
  <testcase classname="VtigerCRM.CreateContactwithOrganizationTest" name="CreateContactwithOrganizationTest" time="178.822"/>
  <system-out/>
</testsuite> <!-- VtigerCRM.CreateContactwithOrganizationTest -->
